<?xml version="1.0" encoding="UTF-8"?>
<testng-results ignored="0" total="2" passed="2" failed="0" skipped="0">
  <reporter-output>
  </reporter-output>
  <suite started-at="2024-06-27T10:46:34 TRT" name="Default suite" finished-at="2024-06-27T10:47:38 TRT" duration-ms="63883">
    <groups>
    </groups>
    <test started-at="2024-06-27T10:46:34 TRT" name="Default test" finished-at="2024-06-27T10:47:38 TRT" duration-ms="63883">
      <class name="testcases.TestCase2">
        <test-method signature="searchProduct()[pri:0, instance:testcases.TestCase2@78691363]" started-at="2024-06-27T10:46:34 TRT" name="searchProduct" finished-at="2024-06-27T10:47:35 TRT" duration-ms="61146" status="PASS">
          <reporter-output>
          </reporter-output>
        </test-method> <!-- searchProduct -->
        <test-method signature="closeBrowser()[pri:0, instance:testcases.TestCase2@78691363]" started-at="2024-06-27T10:47:35 TRT" name="closeBrowser" finished-at="2024-06-27T10:47:38 TRT" depends-on-methods="testcases.TestCase2.searchProduct" duration-ms="2410" status="PASS">
          <reporter-output>
          </reporter-output>
        </test-method> <!-- closeBrowser -->
      </class> <!-- testcases.TestCase2 -->
    </test> <!-- Default test -->
  </suite> <!-- Default suite -->
</testng-results>
